Log file open, 05/11/18 22:00:07
LogWindows: Failed to load 'aqProf.dll' (GetLastError=126)
LogWindows: File 'aqProf.dll' does not exist
LogWindows: Failed to load 'VtuneApi.dll' (GetLastError=126)
LogWindows: File 'VtuneApi.dll' does not exist
LogWindows: Failed to load 'VtuneApi32e.dll' (GetLastError=126)
LogWindows: File 'VtuneApi32e.dll' does not exist
LogInit: Display: Running engine for game: ArtisanReunion
LogPlatformFile: Not using cached read wrapper
LogInit: Display: RandInit(1625162411) SRandInit(1625162411).
LogInit: Read version file with build ID '3944462'
LogInit: Overriding engine version to CL 4033788, compatible CL 3944462
LogInit: Registered custom module enumerator with build ID '3944462'
LogTaskGraph: Started task graph with 5 named threads and 23 total threads with 3 sets of task threads.
LogStats: Stats thread started at 0.265463
LogD3D11RHI: Aftermath initialized
LogICUInternationalization: Display: ICU TimeZone Detection - Raw Offset: -5:00, Platform Override: ''
LogModuleManager: Display: Found up-to-date module file ../../../Engine/Plugins/2D/Paper2D/Binaries/Win64/UE4Editor-Paper2D.dll (API version 3944462).
LogModuleManager: Display: Found up-to-date module file ../../../Engine/Plugins/2D/Paper2D/Binaries/Win64/UE4Editor-Paper2DEditor.dll (API version 3944462).
LogModuleManager: Display: Found up-to-date module file ../../../Engine/Plugins/2D/Paper2D/Binaries/Win64/UE4Editor-PaperSpriteSheetImporter.dll (API version 3944462).
LogModuleManager: Display: Found up-to-date module file ../../../Engine/Plugins/2D/Paper2D/Binaries/Win64/UE4Editor-PaperTiledImporter.dll (API version 3944462).
LogModuleManager: Display: Found up-to-date module file ../../../Engine/Plugins/2D/Paper2D/Binaries/Win64/UE4Editor-SmartSnapping.dll (API version 3944462).
LogModuleManager: Display: Found up-to-date module file ../../../Engine/Plugins/Blendables/LightPropagationVolume/Binaries/Win64/UE4Editor-LightPropagationVolumeRuntime.dll (API version 3944462).
LogModuleManager: Display: Found up-to-date module file ../../../Engine/Plugins/Blendables/LightPropagationVolume/Binaries/Win64/UE4Editor-LightPropagationVolumeEditor.dll (API version 3944462).
LogModuleManager: Display: Found up-to-date module file ../../../Engine/Plugins/Developer/CLionSourceCodeAccess/Binaries/Win64/UE4Editor-CLionSourceCodeAccess.dll (API version 3944462).
LogModuleManager: Display: Found up-to-date module file ../../../Engine/Plugins/Developer/GitSourceControl/Binaries/Win64/UE4Editor-GitSourceControl.dll (API version 3944462).
LogModuleManager: Display: Found up-to-date module file ../../../Engine/Plugins/Developer/PerforceSourceControl/Binaries/Win64/UE4Editor-PerforceSourceControl.dll (API version 3944462).
LogModuleManager: Display: Found up-to-date module file ../../../Engine/Plugins/Developer/SubversionSourceControl/Binaries/Win64/UE4Editor-SubversionSourceControl.dll (API version 3944462).
LogModuleManager: Display: Found up-to-date module file ../../../Engine/Plugins/Developer/UObjectPlugin/Binaries/Win64/UE4Editor-UObjectPlugin.dll (API version 3944462).
LogModuleManager: Display: Found up-to-date module file ../../../Engine/Plugins/Developer/VisualStudioCodeSourceCodeAccess/Binaries/Win64/UE4Editor-VisualStudioCodeSourceCodeAccess.dll (API version 3944462).
LogModuleManager: Display: Found up-to-date module file ../../../Engine/Plugins/Developer/VisualStudioSourceCodeAccess/Binaries/Win64/UE4Editor-VisualStudioSourceCodeAccess.dll (API version 3944462).
LogModuleManager: Display: Found up-to-date module file ../../../Engine/Plugins/Editor/AssetManagerEditor/Binaries/Win64/UE4Editor-AssetManagerEditor.dll (API version 3944462).
LogModuleManager: Display: Found up-to-date module file ../../../Engine/Plugins/Editor/CryptoKeys/Binaries/Win64/UE4Editor-CryptoKeys.dll (API version 3944462).
LogModuleManager: Display: Found up-to-date module file ../../../Engine/Plugins/Editor/CryptoKeys/Binaries/Win64/UE4Editor-CryptoKeysOpenSSL.dll (API version 3944462).
LogModuleManager: Display: Found up-to-date module file ../../../Engine/Plugins/Editor/DataValidation/Binaries/Win64/UE4Editor-DataValidation.dll (API version 3944462).
LogModuleManager: Display: Found up-to-date module file ../../../Engine/Plugins/Editor/FacialAnimation/Binaries/Win64/UE4Editor-FacialAnimation.dll (API version 3944462).
LogModuleManager: Display: Found up-to-date module file ../../../Engine/Plugins/Editor/FacialAnimation/Binaries/Win64/UE4Editor-FacialAnimationEditor.dll (API version 3944462).
LogModuleManager: Display: Found up-to-date module file ../../../Engine/Plugins/Editor/GameplayTagsEditor/Binaries/Win64/UE4Editor-GameplayTagsEditor.dll (API version 3944462).
LogModuleManager: Display: Found up-to-date module file ../../../Engine/Plugins/Editor/MobileLauncherProfileWizard/Binaries/Win64/UE4Editor-MobileLauncherProfileWizard.dll (API version 3944462).
LogModuleManager: Display: Found up-to-date module file ../../../Engine/Plugins/Editor/PluginBrowser/Binaries/Win64/UE4Editor-PluginBrowser.dll (API version 3944462).
LogModuleManager: Display: Found up-to-date module file ../../../Engine/Plugins/Editor/SpeedTreeImporter/Binaries/Win64/UE4Editor-SpeedTreeImporter.dll (API version 3944462).
LogModuleManager: Display: Found up-to-date module file ../../../Engine/Plugins/Enterprise/DatasmithContent/Binaries/Win64/UE4Editor-DatasmithContent.dll (API version 3944462).
LogModuleManager: Display: Found up-to-date module file ../../../Engine/Plugins/Experimental/AlembicImporter/Binaries/Win64/UE4Editor-AlembicImporter.dll (API version 3944462).
LogModuleManager: Display: Found up-to-date module file ../../../Engine/Plugins/Experimental/AlembicImporter/Binaries/Win64/UE4Editor-AlembicLibrary.dll (API version 3944462).
LogModuleManager: Display: Found up-to-date module file ../../../Engine/Plugins/Experimental/CharacterAI/Binaries/Win64/UE4Editor-CharacterAI.dll (API version 3944462).
LogModuleManager: Display: Found up-to-date module file ../../../Engine/Plugins/Experimental/HTML5Networking/Binaries/Win64/UE4Editor-HTML5Networking.dll (API version 3944462).
LogModuleManager: Display: Found up-to-date module file ../../../Engine/Plugins/Media/AndroidMedia/Binaries/Win64/UE4Editor-AndroidMediaEditor.dll (API version 3944462).
LogModuleManager: Display: Found up-to-date module file ../../../Engine/Plugins/Media/AndroidMedia/Binaries/Win64/UE4Editor-AndroidMediaFactory.dll (API version 3944462).
LogModuleManager: Display: Found up-to-date module file ../../../Engine/Plugins/Media/AvfMedia/Binaries/Win64/UE4Editor-AvfMediaEditor.dll (API version 3944462).
LogModuleManager: Display: Found up-to-date module file ../../../Engine/Plugins/Media/AvfMedia/Binaries/Win64/UE4Editor-AvfMediaFactory.dll (API version 3944462).
LogModuleManager: Display: Found up-to-date module file ../../../Engine/Plugins/Media/AvfMedia/Binaries/Win64/UE4Editor-AvfMediaFactory.dll (API version 3944462).
LogModuleManager: Display: Found up-to-date module file ../../../Engine/Plugins/Media/ImgMedia/Binaries/Win64/UE4Editor-ImgMedia.dll (API version 3944462).
LogModuleManager: Display: Found up-to-date module file ../../../Engine/Plugins/Media/ImgMedia/Binaries/Win64/UE4Editor-ImgMediaEditor.dll (API version 3944462).
LogModuleManager: Display: Found up-to-date module file ../../../Engine/Plugins/Media/ImgMedia/Binaries/Win64/UE4Editor-ImgMediaFactory.dll (API version 3944462).
LogModuleManager: Display: Found up-to-date module file ../../../Engine/Plugins/Media/ImgMedia/Binaries/Win64/UE4Editor-ImgMediaFactory.dll (API version 3944462).
LogModuleManager: Display: Found up-to-date module file ../../../Engine/Plugins/Media/ImgMedia/Binaries/Win64/UE4Editor-OpenExrWrapper.dll (API version 3944462).
LogModuleManager: Display: Found up-to-date module file ../../../Engine/Plugins/Media/LinearTimecode/Binaries/Win64/UE4Editor-LinearTimecode.dll (API version 3944462).
LogModuleManager: Display: Found up-to-date module file ../../../Engine/Plugins/Media/MediaCompositing/Binaries/Win64/UE4Editor-MediaCompositing.dll (API version 3944462).
LogModuleManager: Display: Found up-to-date module file ../../../Engine/Plugins/Media/MediaCompositing/Binaries/Win64/UE4Editor-MediaCompositingEditor.dll (API version 3944462).
LogModuleManager: Display: Found up-to-date module file ../../../Engine/Plugins/Media/MediaPlayerEditor/Binaries/Win64/UE4Editor-MediaPlayerEditor.dll (API version 3944462).
LogModuleManager: Display: Found up-to-date module file ../../../Engine/Plugins/Media/WmfMedia/Binaries/Win64/UE4Editor-WmfMedia.dll (API version 3944462).
LogModuleManager: Display: Found up-to-date module file ../../../Engine/Plugins/Media/WmfMedia/Binaries/Win64/UE4Editor-WmfMediaEditor.dll (API version 3944462).
LogModuleManager: Display: Found up-to-date module file ../../../Engine/Plugins/Media/WmfMedia/Binaries/Win64/UE4Editor-WmfMediaFactory.dll (API version 3944462).
LogModuleManager: Display: Found up-to-date module file ../../../Engine/Plugins/Media/WmfMedia/Binaries/Win64/UE4Editor-WmfMediaFactory.dll (API version 3944462).
LogModuleManager: Display: Found up-to-date module file ../../../Engine/Plugins/Messaging/TcpMessaging/Binaries/Win64/UE4Editor-TcpMessaging.dll (API version 3944462).
LogModuleManager: Display: Found up-to-date module file ../../../Engine/Plugins/Messaging/UdpMessaging/Binaries/Win64/UE4Editor-UdpMessaging.dll (API version 3944462).
LogModuleManager: Display: Found up-to-date module file ../../../Engine/Plugins/MovieScene/ActorSequence/Binaries/Win64/UE4Editor-ActorSequence.dll (API version 3944462).
LogModuleManager: Display: Found up-to-date module file ../../../Engine/Plugins/MovieScene/LevelSequenceEditor/Binaries/Win64/UE4Editor-LevelSequenceEditor.dll (API version 3944462).
LogModuleManager: Display: Found up-to-date module file ../../../Engine/Plugins/MovieScene/MatineeToLevelSequence/Binaries/Win64/UE4Editor-MatineeToLevelSequence.dll (API version 3944462).
LogModuleManager: Display: Found up-to-date module file ../../../Engine/Plugins/NetcodeUnitTest/NetcodeUnitTest/Binaries/Win64/UE4Editor-NetcodeUnitTest.dll (API version 3944462).
LogModuleManager: Display: Found up-to-date module file ../../../Engine/Plugins/NetcodeUnitTest/NUTUnrealEngine4/Binaries/Win64/UE4Editor-NUTUnrealEngine4.dll (API version 3944462).
LogModuleManager: Display: Found up-to-date module file ../../../Engine/Plugins/Online/OnlineSubsystem/Binaries/Win64/UE4Editor-OnlineSubsystem.dll (API version 3944462).
LogModuleManager: Display: Found up-to-date module file ../../../Engine/Plugins/Runtime/AndroidPermission/Binaries/Win64/UE4Editor-AndroidPermission.dll (API version 3944462).
LogModuleManager: Display: Found up-to-date module file ../../../Engine/Plugins/Online/OnlineSubsystemNull/Binaries/Win64/UE4Editor-OnlineSubsystemNull.dll (API version 3944462).
LogModuleManager: Display: Found up-to-date module file ../../../Engine/Plugins/Online/OnlineSubsystemUtils/Binaries/Win64/UE4Editor-OnlineSubsystemUtils.dll (API version 3944462).
LogModuleManager: Display: Found up-to-date module file ../../../Engine/Plugins/Online/OnlineSubsystemUtils/Binaries/Win64/UE4Editor-OnlineBlueprintSupport.dll (API version 3944462).
LogModuleManager: Display: Found up-to-date module file ../../../Engine/Plugins/Runtime/AndroidDeviceProfileSelector/Binaries/Win64/UE4Editor-AndroidDeviceProfileSelector.dll (API version 3944462).
LogModuleManager: Display: Found up-to-date module file ../../../Engine/Plugins/Runtime/AppleARKit/Binaries/Win64/UE4Editor-AppleARKit.dll (API version 3944462).
LogModuleManager: Display: Found up-to-date module file ../../../Engine/Plugins/Runtime/ProceduralMeshComponent/Binaries/Win64/UE4Editor-ProceduralMeshComponent.dll (API version 3944462).
LogModuleManager: Display: Found up-to-date module file ../../../Engine/Plugins/Runtime/ProceduralMeshComponent/Binaries/Win64/UE4Editor-ProceduralMeshComponentEditor.dll (API version 3944462).
LogModuleManager: Display: Found up-to-date module file ../../../Engine/Plugins/Animation/LiveLink/Binaries/Win64/UE4Editor-LiveLink.dll (API version 3944462).
LogModuleManager: Display: Found up-to-date module file ../../../Engine/Plugins/Animation/LiveLink/Binaries/Win64/UE4Editor-LiveLinkEditor.dll (API version 3944462).
LogModuleManager: Display: Found up-to-date module file ../../../Engine/Plugins/Runtime/ArchVisCharacter/Binaries/Win64/UE4Editor-ArchVisCharacter.dll (API version 3944462).
LogModuleManager: Display: Found up-to-date module file ../../../Engine/Plugins/Runtime/AudioCapture/Binaries/Win64/UE4Editor-AudioCapture.dll (API version 3944462).
LogModuleManager: Display: Found up-to-date module file ../../../Engine/Plugins/Runtime/AudioCapture/Binaries/Win64/UE4Editor-AudioCaptureEditor.dll (API version 3944462).
LogModuleManager: Display: Found up-to-date module file ../../../Engine/Plugins/Runtime/CableComponent/Binaries/Win64/UE4Editor-CableComponent.dll (API version 3944462).
LogModuleManager: Display: Found up-to-date module file ../../../Engine/Plugins/Runtime/CustomMeshComponent/Binaries/Win64/UE4Editor-CustomMeshComponent.dll (API version 3944462).
LogModuleManager: Display: Found up-to-date module file ../../../Engine/Plugins/Runtime/ExampleDeviceProfileSelector/Binaries/Win64/UE4Editor-ExampleDeviceProfileSelector.dll (API version 3944462).
LogModuleManager: Display: Found up-to-date module file ../../../Engine/Plugins/Runtime/ImmediatePhysics/Binaries/Win64/UE4Editor-ImmediatePhysics.dll (API version 3944462).
LogModuleManager: Display: Found up-to-date module file ../../../Engine/Plugins/Runtime/ImmediatePhysics/Binaries/Win64/UE4Editor-ImmediatePhysicsEditor.dll (API version 3944462).
LogModuleManager: Display: Found up-to-date module file ../../../Engine/Plugins/Runtime/LocationServicesBPLibrary/Binaries/Win64/UE4Editor-LocationServicesBPLibrary.dll (API version 3944462).
LogModuleManager: Display: Found up-to-date module file ../../../Engine/Plugins/Runtime/MobilePatchingUtils/Binaries/Win64/UE4Editor-MobilePatchingUtils.dll (API version 3944462).
LogModuleManager: Display: Found up-to-date module file ../../../Engine/Plugins/Runtime/Oculus/OculusVR/Binaries/Win64/UE4Editor-OculusHMD.dll (API version 3944462).
LogModuleManager: Display: Found up-to-date module file ../../../Engine/Plugins/Runtime/Oculus/OculusVR/Binaries/Win64/UE4Editor-OculusInput.dll (API version 3944462).
LogModuleManager: Display: Found up-to-date module file ../../../Engine/Plugins/Runtime/Oculus/OculusVR/Binaries/Win64/UE4Editor-OculusEditor.dll (API version 3944462).
LogModuleManager: Display: Found up-to-date module file ../../../Engine/Plugins/Runtime/PhysXVehicles/Binaries/Win64/UE4Editor-PhysXVehicles.dll (API version 3944462).
LogModuleManager: Display: Found up-to-date module file ../../../Engine/Plugins/Runtime/PhysXVehicles/Binaries/Win64/UE4Editor-PhysXVehiclesEditor.dll (API version 3944462).
LogModuleManager: Display: Found up-to-date module file ../../../Engine/Plugins/Runtime/RuntimePhysXCooking/Binaries/Win64/UE4Editor-RuntimePhysXCooking.dll (API version 3944462).
LogModuleManager: Display: Found up-to-date module file ../../../Engine/Plugins/Runtime/Steam/SteamVR/Binaries/Win64/UE4Editor-SteamVR.dll (API version 3944462).
LogModuleManager: Display: Found up-to-date module file ../../../Engine/Plugins/Runtime/Steam/SteamVR/Binaries/Win64/UE4Editor-SteamVRController.dll (API version 3944462).
LogModuleManager: Display: Found up-to-date module file ../../../Engine/Plugins/Runtime/WindowsMoviePlayer/Binaries/Win64/UE4Editor-WindowsMoviePlayer.dll (API version 3944462).
LogPluginManager: Mounting plugin Paper2D
LogPluginManager: Mounting plugin LiveLink
LogPluginManager: Mounting plugin LightPropagationVolume
LogPluginManager: Mounting plugin CLionSourceCodeAccess
LogPluginManager: Mounting plugin CodeLiteSourceCodeAccess
LogPluginManager: Mounting plugin GitSourceControl
LogPluginManager: Mounting plugin KDevelopSourceCodeAccess
LogPluginManager: Mounting plugin NullSourceCodeAccess
LogPluginManager: Mounting plugin PerforceSourceControl
LogPluginManager: Mounting plugin SubversionSourceControl
LogPluginManager: Mounting plugin UObjectPlugin
LogPluginManager: Mounting plugin VisualStudioCodeSourceCodeAccess
LogPluginManager: Mounting plugin VisualStudioSourceCodeAccess
LogPluginManager: Mounting plugin XCodeSourceCodeAccess
LogPluginManager: Mounting plugin AssetManagerEditor
LogPluginManager: Mounting plugin CryptoKeys
LogPluginManager: Mounting plugin DataValidation
LogPluginManager: Mounting plugin FacialAnimation
LogPluginManager: Mounting plugin GameplayTagsEditor
LogPluginManager: Mounting plugin MobileLauncherProfileWizard
LogPluginManager: Mounting plugin PluginBrowser
LogPluginManager: Mounting plugin SpeedTreeImporter
LogPluginManager: Mounting plugin DatasmithContent
LogPluginManager: Mounting plugin AlembicImporter
LogPluginManager: Mounting plugin CharacterAI
LogPluginManager: Mounting plugin HTML5Networking
LogPluginManager: Mounting plugin AndroidMedia
LogPluginManager: Mounting plugin AvfMedia
LogPluginManager: Mounting plugin ImgMedia
LogPluginManager: Mounting plugin LinearTimecode
LogPluginManager: Mounting plugin MediaCompositing
LogPluginManager: Mounting plugin MediaPlayerEditor
LogPluginManager: Mounting plugin WmfMedia
LogPluginManager: Mounting plugin TcpMessaging
LogPluginManager: Mounting plugin UdpMessaging
LogPluginManager: Mounting plugin ActorSequence
LogPluginManager: Mounting plugin LevelSequenceEditor
LogPluginManager: Mounting plugin MatineeToLevelSequence
LogPluginManager: Mounting plugin NetcodeUnitTest
LogPluginManager: Mounting plugin NUTUnrealEngine4
LogPluginManager: Mounting plugin OnlineSubsystemGooglePlay
LogPluginManager: Mounting plugin OnlineSubsystemIOS
LogPluginManager: Mounting plugin OnlineSubsystem
LogPluginManager: Mounting plugin OnlineSubsystemNull
LogPluginManager: Mounting plugin OnlineSubsystemUtils
LogPluginManager: Mounting plugin AndroidDeviceProfileSelector
LogPluginManager: Mounting plugin AndroidMoviePlayer
LogPluginManager: Mounting plugin AndroidPermission
LogPluginManager: Mounting plugin AppleARKit
LogPluginManager: Mounting plugin AppleMoviePlayer
LogPluginManager: Mounting plugin ArchVisCharacter
LogPluginManager: Mounting plugin AudioCapture
LogPluginManager: Mounting plugin CableComponent
LogPluginManager: Mounting plugin CustomMeshComponent
LogPluginManager: Mounting plugin ExampleDeviceProfileSelector
LogPluginManager: Mounting plugin GoogleCloudMessaging
LogPluginManager: Mounting plugin ImmediatePhysics
LogPluginManager: Mounting plugin IOSDeviceProfileSelector
LogPluginManager: Mounting plugin LinuxDeviceProfileSelector
LogPluginManager: Mounting plugin LocationServicesBPLibrary
LogPluginManager: Mounting plugin MobilePatchingUtils
LogPluginManager: Mounting plugin OculusVR
LogPluginManager: Plugin shader directory ../../../Engine/Plugins/Runtime/Oculus/OculusVR/Shaders found
LogPluginManager: Mapping shader source directory ../../../Engine/Plugins/Runtime/Oculus/OculusVR/Shaders to virtual directory /Plugin/OculusVR
LogPluginManager: Mounting plugin PhysXVehicles
LogPluginManager: Mounting plugin ProceduralMeshComponent
LogPluginManager: Mounting plugin RuntimePhysXCooking
LogPluginManager: Mounting plugin SteamVR
LogPluginManager: Mounting plugin WindowsMoviePlayer
LogStreaming: Display: Took  0.546s to configure plugins.
LogInit: Using libcurl 7.47.1
LogInit:  - built for x86_64-pc-win32
LogInit:  - supports SSL with OpenSSL/1.0.2g
LogInit:  - supports HTTP deflate (compression) using libz 1.2.8
LogInit:  - other features:
LogInit:      CURL_VERSION_SSL
LogInit:      CURL_VERSION_LIBZ
LogInit:      CURL_VERSION_IPV6
LogInit:      CURL_VERSION_ASYNCHDNS
LogInit:      CURL_VERSION_LARGEFILE
LogInit:      CURL_VERSION_IDN
LogInit:  CurlRequestOptions (configurable via config and command line):
LogInit:  - bVerifyPeer = false  - Libcurl will NOT verify peer certificate
LogInit:  - bUseHttpProxy = false  - Libcurl will NOT use HTTP proxy
LogInit:  - bDontReuseConnections = false  - Libcurl will reuse connections
LogInit:  - CertBundlePath = nullptr  - Libcurl will use whatever was configured at build time.
LogInit:  - MaxHostConnections = 16  - Libcurl will limit the number of connections to a host
LogInit:  - LocalHostAddr = Default
LogInit: WinSock: version 1.1 (2.2), MaxSocks=32767, MaxUdp=65467
LogInit: WinSock: I am skiddPC (192.168.56.1:0)
LogInit: Build: ++UE4+Release-4.19-CL-4033788
LogInit: Engine Version: 4.19.2-4033788+++UE4+Release-4.19
LogInit: Compatible Engine Version: 4.19.0-3944462+++UE4+Release-4.19
LogInit: Net CL: 3944462
LogDevObjectVersion: Number of dev versions registered: 18
LogDevObjectVersion:   Dev-Blueprints (B0D832E4-1F89-4F0D-ACCF-7EB736FD4AA2): 10
LogDevObjectVersion:   Dev-Build (E1C64328-A22C-4D53-A36C-8E866417BD8C): 0
LogDevObjectVersion:   Dev-Core (375EC13C-06E4-48FB-B500-84F0262A717E): 2
LogDevObjectVersion:   Dev-Editor (E4B068ED-F494-42E9-A231-DA0B2E46BB41): 23
LogDevObjectVersion:   Dev-Framework (CFFC743F-43B0-4480-9391-14DF171D2073): 33
LogDevObjectVersion:   Dev-Mobile (B02B49B5-BB20-44E9-A304-32B752E40360): 2
LogDevObjectVersion:   Dev-Networking (A4E4105C-59A1-49B5-A7C5-40C4547EDFEE): 0
LogDevObjectVersion:   Dev-Online (39C831C9-5AE6-47DC-9A44-9C173E1C8E7C): 0
LogDevObjectVersion:   Dev-Physics (78F01B33-EBEA-4F98-B9B4-84EACCB95AA2): 0
LogDevObjectVersion:   Dev-Platform (6631380F-2D4D-43E0-8009-CF276956A95A): 0
LogDevObjectVersion:   Dev-Rendering (12F88B9F-8875-4AFC-A67C-D90C383ABD29): 25
LogDevObjectVersion:   Dev-Sequencer (7B5AE74C-D270-4C10-A958-57980B212A5A): 6
LogDevObjectVersion:   Dev-VR (D7296918-1DD6-4BDD-9DE2-64A83CC13884): 1
LogDevObjectVersion:   Dev-LoadTimes (C2A15278-BFE7-4AFE-6C17-90FF531DF755): 1
LogDevObjectVersion:   Private-Geometry (6EACA3D4-40EC-4CC1-B786-8BED09428FC5): 2
LogDevObjectVersion:   Dev-AnimPhys (29E575DD-E0A3-4627-9D10-D276232CDCEA): 16
LogDevObjectVersion:   Dev-ReflectionCapture (6B266CEC-1EC7-4B8F-A30B-E4D90942FC07): 1
LogDevObjectVersion:   Dev-Automation (0DF73D61-A23F-47EA-B727-89E90C41499A): 1
LogInit: Compiled (64-bit): Apr 27 2018 02:06:57
LogInit: Compiled with Visual C++: 19.00.24215.01
LogInit: Build Configuration: Development
LogInit: Branch Name: ++UE4+Release-4.19
LogInit: Command Line:  
LogInit: Base Directory: D:/Games/UE_4.19/Engine/Binaries/Win64/
LogInit: Installed Engine Build: 1
LogStreaming: Display: Took  0.001s to delete old logs.
LogInit: Presizing for max 8388607 objects, including 0 objects not considered by GC, pre-allocating 0 bytes for permanent pool.
LogInit: Object subsystem initialized
[2018.05.12-02.00.08:399][  0]LogInit: Selected Device Profile: [Windows]
[2018.05.12-02.00.08:400][  0]LogInit: Applying CVar settings loaded from the selected device profile: [Windows]
[2018.05.12-02.00.08:407][  0]LogInit: Computer: SKIDDPC
[2018.05.12-02.00.08:407][  0]LogInit: User: skidd9
[2018.05.12-02.00.08:407][  0]LogInit: CPU Page size=4096, Cores=4
[2018.05.12-02.00.08:407][  0]LogInit: High frequency timer resolution =2.435776 MHz
[2018.05.12-02.00.08:408][  0]LogMemory: Memory total: Physical=15.9GB (16GB approx)
[2018.05.12-02.00.08:408][  0]LogMemory: Platform Memory Stats for Windows
[2018.05.12-02.00.08:408][  0]LogMemory: Process Physical Memory: 274.79 MB used, 274.79 MB peak
[2018.05.12-02.00.08:408][  0]LogMemory: Process Virtual Memory: 264.93 MB used, 264.93 MB peak
[2018.05.12-02.00.08:408][  0]LogMemory: Physical Memory: 5364.17 MB used,  10902.83 MB free, 16267.00 MB total
[2018.05.12-02.00.08:408][  0]LogMemory: Virtual Memory: 694.50 MB used,  10902.83 MB free, 134217728.00 MB total
[2018.05.12-02.00.08:425][  0]LogInit: Using OS detected language (en-US).
[2018.05.12-02.00.08:425][  0]LogInit: Using OS detected locale (en-US).
[2018.05.12-02.00.08:427][  0]LogTextLocalizationManager: No specific localization for 'en-US' exists, so the 'en' localization will be used.
[2018.05.12-02.00.08:858][  0]LogStreaming: Display: Took  0.432s to EndInitTextLocalization.
[2018.05.12-02.00.08:858][  0]LogInit: Setting process to per monitor DPI aware
[2018.05.12-02.00.08:875][  0]LogSlate: New Slate User Created.  User Index 0, Is Virtual User: 0
[2018.05.12-02.00.08:875][  0]LogSlate: Slate User Registered.  User Index 0, Is Virtual User: 0
[2018.05.12-02.00.09:041][  0]LogD3D11RHI: D3D11 adapters:
[2018.05.12-02.00.09:100][  0]LogD3D11RHI:    0. 'NVIDIA GeForce GTX 860M' (Feature Level 11_0)
[2018.05.12-02.00.09:100][  0]LogD3D11RHI:       2010/0/8133 MB DedicatedVideo/DedicatedSystem/SharedSystem, Outputs:1, VendorId:0x10de
[2018.05.12-02.00.09:105][  0]LogD3D11RHI:    1. 'Intel(R) HD Graphics 4600' (Feature Level 11_0)
[2018.05.12-02.00.09:105][  0]LogD3D11RHI:       112/0/2048 MB DedicatedVideo/DedicatedSystem/SharedSystem, Outputs:0, VendorId:0x8086
[2018.05.12-02.00.09:107][  0]LogD3D11RHI:    2. 'Microsoft Basic Render Driver' (Feature Level 11_0)
[2018.05.12-02.00.09:107][  0]LogD3D11RHI:       0/0/8133 MB DedicatedVideo/DedicatedSystem/SharedSystem, Outputs:0, VendorId:0x1414
[2018.05.12-02.00.09:107][  0]LogD3D11RHI: Chosen D3D11 Adapter: 0
[2018.05.12-02.00.09:114][  0]LogD3D11RHI: Creating new Direct3DDevice
[2018.05.12-02.00.09:114][  0]LogD3D11RHI:     GPU DeviceId: 0x1392 (for the marketing name, search the web for "GPU Device Id")
[2018.05.12-02.00.09:114][  0]LogWindows: EnumDisplayDevices:
[2018.05.12-02.00.09:114][  0]LogWindows:    0. 'Intel(R) HD Graphics 4600' (P:1 D:1)
[2018.05.12-02.00.09:114][  0]LogWindows:    1. 'Intel(R) HD Graphics 4600' (P:0 D:0)
[2018.05.12-02.00.09:114][  0]LogWindows:    2. 'Intel(R) HD Graphics 4600' (P:0 D:0)
[2018.05.12-02.00.09:115][  0]LogWindows: DebugString: GetVideoDriverDetailsInvalid PrimaryIsNotTheChoosenAdapter GetVideoDriverDetailsInvalid PrimaryIsNotTheChoosenAdapter GetVideoDriverDetailsInvalid PrimaryIsNotTheChoosenAdapter FoundDriverCount:0 
[2018.05.12-02.00.09:115][  0]LogD3D11RHI:     Adapter Name: NVIDIA GeForce GTX 860M
[2018.05.12-02.00.09:115][  0]LogD3D11RHI:   Driver Version: Unknown (internal:Unknown, unified:Unknown)
[2018.05.12-02.00.09:115][  0]LogD3D11RHI:      Driver Date: Unknown
[2018.05.12-02.00.09:115][  0]LogRHI: Texture pool is 1407 MB (70% of 2010 MB)
[2018.05.12-02.00.09:151][  0]LogD3D11RHI: [Aftermath] Aftermath enabled and primed
[2018.05.12-02.00.09:151][  0]LogD3D11RHI: [Aftermath] Aftermath enabled and primed
[2018.05.12-02.00.09:151][  0]LogD3D11RHI: Async texture creation enabled
[2018.05.12-02.00.09:173][  0]LogD3D11RHI: GPU Timing Frequency: 1000.000000 (Debug: 2 2)
[2018.05.12-02.00.09:173][  0]LogShaderCompilers: Guid format shader working directory is 0 characters bigger than the processId version (C:/Users/skidd9/Documents/GitHub/ArtisanReunion/Intermediate/Shaders/WorkingDirectory/3208/).
[2018.05.12-02.00.09:173][  0]LogShaderCompilers: Cleaned the shader compiler working directory 'C:/Users/skidd9/AppData/Local/Temp/UnrealShaderWorkingDir/344492F94FCD2D8B1AF708871AB9D589/'.
[2018.05.12-02.00.09:354][  0]LogTemp: Display: Loaded TP AllDesktopTargetPlatform
[2018.05.12-02.00.09:366][  0]LogTemp: Display: Loaded TP MacClientTargetPlatform
[2018.05.12-02.00.09:379][  0]LogTemp: Display: Loaded TP MacNoEditorTargetPlatform
[2018.05.12-02.00.09:392][  0]LogTemp: Display: Loaded TP MacServerTargetPlatform
[2018.05.12-02.00.09:405][  0]LogTemp: Display: Loaded TP MacTargetPlatform
[2018.05.12-02.00.09:418][  0]LogTemp: Display: Loaded TP WindowsClientTargetPlatform
[2018.05.12-02.00.09:431][  0]LogTemp: Display: Loaded TP WindowsNoEditorTargetPlatform
[2018.05.12-02.00.09:443][  0]LogTemp: Display: Loaded TP WindowsServerTargetPlatform
[2018.05.12-02.00.09:449][  0]LogTemp: Display: Loaded TP WindowsTargetPlatform
[2018.05.12-02.00.09:462][  0]LogTemp: Display: Loaded TP Android_ASTCTargetPlatform
[2018.05.12-02.00.09:473][  0]LogTemp: Display: Loaded TP Android_ATCTargetPlatform
[2018.05.12-02.00.09:485][  0]LogTemp: Display: Loaded TP Android_DXTTargetPlatform
[2018.05.12-02.00.09:497][  0]LogTemp: Display: Loaded TP Android_ETC1aTargetPlatform
[2018.05.12-02.00.09:509][  0]LogTemp: Display: Loaded TP Android_ETC1TargetPlatform
[2018.05.12-02.00.09:521][  0]LogTemp: Display: Loaded TP Android_ETC2TargetPlatform
[2018.05.12-02.00.09:545][  0]LogTemp: Display: Loaded TP Android_MultiTargetPlatform
[2018.05.12-02.00.09:545][  0]LogTemp: Display: Loaded TP Android_PVRTCTargetPlatform
[2018.05.12-02.00.09:557][  0]LogTemp: Display: Loaded TP AndroidTargetPlatform
[2018.05.12-02.00.09:558][  0]LogTemp: Display: Loaded TP HTML5TargetPlatform
[2018.05.12-02.00.09:594][  0]LogTemp: Display: Loaded TP IOSTargetPlatform
[2018.05.12-02.00.09:606][  0]LogTemp: Display: Loaded TP TVOSTargetPlatform
[2018.05.12-02.00.09:617][  0]LogTemp: Display: Loaded TP LinuxClientTargetPlatform
[2018.05.12-02.00.09:630][  0]LogTemp: Display: Loaded TP LinuxNoEditorTargetPlatform
[2018.05.12-02.00.09:642][  0]LogTemp: Display: Loaded TP LinuxServerTargetPlatform
[2018.05.12-02.00.09:656][  0]LogTemp: Display: Loaded TP LinuxTargetPlatform
[2018.05.12-02.00.09:656][  0]LogTargetPlatformManager: Display: Building Assets For Windows
[2018.05.12-02.00.09:726][  0]LogXGEController: Cleaning working directory: C:/Users/skidd9/AppData/Local/Temp/UnrealXGEWorkingDir/
[2018.05.12-02.00.09:738][  0]LogShaderCompilers: Display: Using XGE Shader Compiler (Interception Interface).
[2018.05.12-02.00.10:434][  0]LogDerivedDataCache: Display: Max Cache Size: 512 MB
[2018.05.12-02.00.10:498][  0]LogDerivedDataCache: Loaded boot cache 0.07s 74MB C:/Users/skidd9/AppData/Local/UnrealEngine/4.19/DerivedDataCache/Boot.ddc.
[2018.05.12-02.00.10:498][  0]LogDerivedDataCache: Display: Loaded Boot cache: C:/Users/skidd9/AppData/Local/UnrealEngine/4.19/DerivedDataCache/Boot.ddc
[2018.05.12-02.00.10:498][  0]LogDerivedDataCache: FDerivedDataBackendGraph:  Pak pak cache file C:/Users/skidd9/Documents/GitHub/ArtisanReunion/DerivedDataCache/DDC.ddp not found, will not use a pak cache.
[2018.05.12-02.00.10:498][  0]LogDerivedDataCache: Unable to find inner node Pak for hierarchical cache Hierarchy.
[2018.05.12-02.00.10:499][  0]LogDerivedDataCache: FDerivedDataBackendGraph:  CompressedPak pak cache file C:/Users/skidd9/Documents/GitHub/ArtisanReunion/DerivedDataCache/Compressed.ddp not found, will not use a pak cache.
[2018.05.12-02.00.10:499][  0]LogDerivedDataCache: Unable to find inner node CompressedPak for hierarchical cache Hierarchy.
[2018.05.12-02.00.10:515][  0]LogDerivedDataCache: Display: Pak cache opened for reading ../../../Engine/DerivedDataCache/Compressed.ddp.
[2018.05.12-02.00.10:527][  0]LogDerivedDataCache: Using Local data cache path C:/Users/skidd9/AppData/Local/UnrealEngine/Common/DerivedDataCache: Writable
[2018.05.12-02.00.10:527][  0]LogDerivedDataCache: Shared data cache path not found in *engine.ini, will not use an Shared cache.
[2018.05.12-02.00.10:527][  0]LogDerivedDataCache: Unable to find inner node Shared for hierarchical cache Hierarchy.
[2018.05.12-02.00.10:539][  0]LogMaterial: Verifying Global Shaders for PCD3D_SM5
[2018.05.12-02.00.10:539][  0]LogSlate: Using Freetype 2.6.0
[2018.05.12-02.00.10:540][  0]LogSlate: SlateFontCache - WITH_FREETYPE: 1, WITH_HARFBUZZ: 1
[2018.05.12-02.00.10:540][  0]LogSlate: SlateFontCache - WITH_FREETYPE: 1, WITH_HARFBUZZ: 1
[2018.05.12-02.00.10:639][  0]LogAssetRegistry: FAssetRegistry took 0.0263 seconds to start up
[2018.05.12-02.00.10:966][  0]LogInit: Selected Device Profile: [Windows]
[2018.05.12-02.00.11:111][  0]LogSimplygon: Simplygon DLL not present - disabling.
[2018.05.12-02.00.11:113][  0]LogMeshReduction: Using SimplygonSwarm for distributed automatic mesh merging
[2018.05.12-02.00.11:113][  0]LogMeshReduction: Using QuadricMeshReduction for automatic static mesh reduction
[2018.05.12-02.00.11:113][  0]LogMeshReduction: No automatic skeletal mesh reduction module available
[2018.05.12-02.00.11:113][  0]LogMeshReduction: No automatic mesh merging module available
[2018.05.12-02.00.11:113][  0]LogMeshMerging: No automatic mesh merging module available
[2018.05.12-02.00.11:136][  0]LogNetVersion: ArtisanReunion , NetCL: 3944462, EngineNetVer: 2, GameNetVer: 0 (Checksum: 2763199368)
[2018.05.12-02.00.11:531][  0]LogPackageLocalizationCache: Processed 9 localized package path(s) for 2 prioritized culture(s) in 0.054649 seconds
[2018.05.12-02.00.11:538][  0]LogUObjectArray: 36728 objects as part of root set at end of initial load.
[2018.05.12-02.00.11:538][  0]LogUObjectAllocator: 7314312 out of 0 bytes used by permanent object pool.
[2018.05.12-02.00.11:538][  0]LogUObjectArray: CloseDisregardForGC: 0/0 objects in disregard for GC pool
[2018.05.12-02.00.13:039][  0]LogTcpMessaging: Initializing TcpMessaging bridge
[2018.05.12-02.00.13:061][  0]LogUdpMessaging: Initializing bridge on interface 0.0.0.0:0 to multicast group 230.0.0.1:6666.
[2018.05.12-02.00.13:299][  0]SourceControl: Source control is disabled
[2018.05.12-02.00.13:299][  0]SourceControl: Source control is disabled
[2018.05.12-02.00.13:310][  0]SourceControl: Source control is disabled
[2018.05.12-02.00.13:320][  0]SourceControl: Source control is disabled
[2018.05.12-02.00.13:644][  0]LogAndroidPermission: UAndroidPermissionCallbackProxy::GetInstance
[2018.05.12-02.00.13:732][  0]LogOcInput: OculusInput pre-init called
[2018.05.12-02.00.13:815][  0]LogEngine: Initializing Engine...
[2018.05.12-02.00.13:831][  0]LogHMD: Failed to initialize OpenVR with code 126
[2018.05.12-02.00.13:832][  0]LogStats: UGameplayTagsManager::ConstructGameplayTagTree: Construct from data asset -  0.000 s
[2018.05.12-02.00.13:832][  0]LogStats: UGameplayTagsManager::ConstructGameplayTagTree: GameplayTagTreeChangedEvent.Broadcast -  0.000 s
[2018.05.12-02.00.14:048][  0]LogAIModule: Creating AISystem for world Untitled
[2018.05.12-02.00.14:066][  0]LogInit: XAudio2 using 'Speakers (Realtek High Definition Audio)' : 2 channels at 48 kHz using 32 bits per sample (channel mask 0x3)
[2018.05.12-02.00.14:078][  0]LogInit: FAudioDevice initialized.
[2018.05.12-02.00.14:199][  0]LogDerivedDataCache: Saved boot cache 0.12s 74MB C:/Users/skidd9/AppData/Local/UnrealEngine/4.19/DerivedDataCache/Boot.ddc.
[2018.05.12-02.00.14:205][  0]LogInit: Texture streaming: Enabled
[2018.05.12-02.00.14:217][  0]LogEngineSessionManager: EngineSessionManager initialized
[2018.05.12-02.00.14:229][  0]LogInit: Transaction tracking system initialized
[2018.05.12-02.00.14:245][  0]BlueprintLog: New page: Editor Load
[2018.05.12-02.00.14:296][  0]LocalizationService: Localization service is disabled
[2018.05.12-02.00.14:382][  0]LogConsoleResponse: Display: 
[2018.05.12-02.00.14:511][  0]LogCook: Display: Max memory allowance for cook 16384mb min free memory 0mb
[2018.05.12-02.00.14:511][  0]LogCook: Display: Mobile HDR setting 1
[2018.05.12-02.00.14:511][  0]LogGameplayTags: Display: UGameplayTagsManager::DoneAddingNativeTags. DelegateIsBound: 0
[2018.05.12-02.00.14:511][  0]LogStats: UGameplayTagsManager::ConstructGameplayTagTree: Construct from data asset -  0.000 s
[2018.05.12-02.00.14:511][  0]LogStats: UGameplayTagsManager::ConstructGameplayTagTree: GameplayTagTreeChangedEvent.Broadcast -  0.000 s
[2018.05.12-02.00.14:745][  0]LogFileCache: Scanning file cache for directory 'C:/Users/skidd9/Documents/GitHub/ArtisanReunion/Content/' took 0.01s
[2018.05.12-02.00.14:745][  0]SourceControl: Source control is disabled
[2018.05.12-02.00.14:745][  0]Cmd: MAP LOAD FILE="C:/Users/skidd9/Documents/GitHub/ArtisanReunion/Content/SideScrollerBP/Maps/SideScrollerExampleMap.umap" TEMPLATE=0 SHOWPROGRESS=1 FEATURELEVEL=3
[2018.05.12-02.00.14:745][  0]LightingResults: New page: Lighting Build
[2018.05.12-02.00.14:747][  0]MapCheck: New page: Map Check
[2018.05.12-02.00.14:747][  0]LightingResults: New page: Lighting Build
[2018.05.12-02.00.14:766][  0]LogUObjectGlobals: Created PersistentFrame Addr=0x0000029d07050900, Size=256, Default__SideScrollerCharacter_C Function /Game/SideScrollerBP/Blueprints/SideScrollerCharacter.SideScrollerCharacter_C:ExecuteUbergraph_SideScrollerCharacter
[2018.05.12-02.00.14:780][  0]LogUObjectGlobals: Destroyed PersistentFrame Addr=0x0000029d07050900, Size=256
[2018.05.12-02.00.14:780][  0]LogUObjectGlobals: Created PersistentFrame Addr=0x0000029d07050900, Size=256, Default__SideScrollerCharacter_C Function /Engine/Transient.REINST_SideScrollerCharacter_C_1:ExecuteUbergraph_SideScrollerCharacter
[2018.05.12-02.00.14:785][  0]LogUObjectGlobals: Created PersistentFrame Addr=0x0000029d070b5000, Size=256, Default__SideScrollerCharacter_C Function /Game/SideScrollerBP/Blueprints/SideScrollerCharacter.SideScrollerCharacter_C:ExecuteUbergraph_SideScrollerCharacter
[2018.05.12-02.00.15:026][  0]LogSkeletalMesh: Skeletal Mesh found in DDC [0.252897ms] /Game/SideScrollerBP/Character/PaperCrane_Player.PaperCrane_Player
[2018.05.12-02.00.15:031][  0]LogAIModule: Creating AISystem for world SideScrollerExampleMap
[2018.05.12-02.00.15:040][  0]LogEditorServer: Finished looking for orphan Actors (0.000 secs)
[2018.05.12-02.00.15:051][  0]LogUObjectGlobals: Destroyed PersistentFrame Addr=0x0000029d07050900, Size=256
[2018.05.12-02.00.15:053][  0]Cmd: MAP CHECKDEP NOCLEARLOG
[2018.05.12-02.00.15:089][  0]MapCheck: Map check complete: 0 Error(s), 0 Warning(s), took 35.847ms to complete.
[2018.05.12-02.00.15:089][  0]LogFileHelpers: Loading map 'SideScrollerExampleMap' took 0.344
[2018.05.12-02.00.15:206][  0]LogCollectionManager: Loaded 0 collections in 0.000890 seconds
[2018.05.12-02.00.15:247][  0]LogFileCache: Scanning file cache for directory 'C:/Users/skidd9/Documents/GitHub/ArtisanReunion/Saved/Collections/' took 0.01s
[2018.05.12-02.00.15:247][  0]LogFileCache: Scanning file cache for directory 'C:/Users/skidd9/Documents/GitHub/ArtisanReunion/Content/Developers/skidd9/Collections/' took 0.01s
[2018.05.12-02.00.15:247][  0]LogFileCache: Scanning file cache for directory 'C:/Users/skidd9/Documents/GitHub/ArtisanReunion/Content/Collections/' took 0.01s
[2018.05.12-02.00.15:247][  0]LogCollectionManager: Rebuilt the GUID cache for 0 collections in 0.000000 seconds
[2018.05.12-02.00.15:256][  0]LogContentBrowser: Native class hierarchy populated in 0.0094 seconds. Added 2452 classes and 558 folders.
[2018.05.12-02.00.15:261][  0]LogContentBrowser: Native class hierarchy updated for 'WidgetCarousel' in 0.0002 seconds. Added 0 classes and 0 folders.
[2018.05.12-02.00.15:292][  0]LogContentBrowser: Native class hierarchy updated for 'AddContentDialog' in 0.0002 seconds. Added 0 classes and 0 folders.
[2018.05.12-02.00.15:297][  0]LogContentBrowser: Native class hierarchy updated for 'SceneOutliner' in 0.0003 seconds. Added 1 classes and 2 folders.
[2018.05.12-02.00.15:318][  0]LogSlate: Took 0.000191 seconds to synchronously load lazily loaded font '../../../Engine/Content/Slate/Fonts/Roboto-Regular.ttf' (155K)
[2018.05.12-02.00.15:321][  0]LogSlate: Took 0.000237 seconds to synchronously load lazily loaded font '../../../Engine/Content/Slate/Fonts/Roboto-Bold.ttf' (160K)
[2018.05.12-02.00.15:330][  0]LogSlate: Took 0.000197 seconds to synchronously load lazily loaded font '../../../Engine/Content/Editor/Slate/Fonts/FontAwesome.ttf' (139K)
[2018.05.12-02.00.15:440][  0]LogRenderer: Reallocating scene render targets to support 728x460 Format 10 NumSamples 1 (Frame:1).
[2018.05.12-02.00.15:580][  0]LogContentBrowser: Native class hierarchy updated for 'HierarchicalLODOutliner' in 0.0003 seconds. Added 0 classes and 0 folders.
[2018.05.12-02.00.15:580][  0]LogLoad: (Engine Initialization) Total time: 8.74 seconds
[2018.05.12-02.00.15:580][  0]LogLoad: (Engine Initialization) Total Blueprint compile time: 0.00 seconds
[2018.05.12-02.00.15:589][  0]LogWindowsTextInputMethodSystem: Display: IME system now deactivated.
[2018.05.12-02.00.15:608][  0]LogContentStreaming: Texture pool size now 1000 MB
[2018.05.12-02.00.15:647][  0]LogSlate: Took 0.000154 seconds to synchronously load lazily loaded font '../../../Engine/Content/Slate/Fonts/Roboto-Light.ttf' (167K)
[2018.05.12-02.00.15:946][  1]LogAssetRegistry: Asset discovery search completed in 5.3291 seconds
[2018.05.12-02.00.15:948][  1]LogCollectionManager: Rebuilt the object cache for 0 collections in 0.000000 seconds (found 0 objects)
[2018.05.12-02.00.15:948][  1]LogCollectionManager: Fixed up redirectors for 0 collections in 0.000082 seconds (updated 0 objects)
[2018.05.12-02.00.17:195][141]LogEditorViewport: Clicking on Actor (LMB): StaticMeshActor (Floor)
[2018.05.12-02.00.25:259][983]LogSlate: FSceneViewport::OnFocusLost() reason 2
[2018.05.12-02.00.26:397][118]LogTemp: Repeating last play command: Selected Viewport
[2018.05.12-02.00.26:408][118]LogBlueprintUserMessages: Early PlayInEditor Detection: Level '/Game/SideScrollerBP/Maps/SideScrollerExampleMap.SideScrollerExampleMap:PersistentLevel' has LevelScriptBlueprint '/Game/SideScrollerBP/Maps/SideScrollerExampleMap.SideScrollerExampleMap:PersistentLevel.SideScrollerExampleMap' with GeneratedClass '/Game/SideScrollerBP/Maps/SideScrollerExampleMap.SideScrollerExampleMap_C' with ClassGeneratedBy '/Game/SideScrollerBP/Maps/SideScrollerExampleMap.SideScrollerExampleMap:PersistentLevel.SideScrollerExampleMap'
[2018.05.12-02.00.26:408][118]LogPlayLevel: PlayLevel: No blueprints needed recompiling
[2018.05.12-02.00.26:409][118]PIE: New page: PIE session: SideScrollerExampleMap (May 11, 2018, 6:00:26 PM)
[2018.05.12-02.00.26:409][118]LogPlayLevel: Creating play world package: /Game/SideScrollerBP/Maps/UEDPIE_0_SideScrollerExampleMap
[2018.05.12-02.00.26:431][118]LogPlayLevel: PIE: StaticDuplicateObject took: (0.022259s)
[2018.05.12-02.00.26:432][118]LogAIModule: Creating AISystem for world SideScrollerExampleMap
[2018.05.12-02.00.26:433][118]LogPlayLevel: PIE: World Init took: (0.000955s)
[2018.05.12-02.00.26:433][118]LogPlayLevel: PIE: Created PIE world by copying editor world from /Game/SideScrollerBP/Maps/SideScrollerExampleMap.SideScrollerExampleMap to /Game/SideScrollerBP/Maps/UEDPIE_0_SideScrollerExampleMap.SideScrollerExampleMap (0.023448s)
[2018.05.12-02.00.26:447][118]LogInit: XAudio2 using 'Speakers (Realtek High Definition Audio)' : 2 channels at 48 kHz using 32 bits per sample (channel mask 0x3)
[2018.05.12-02.00.26:458][118]LogInit: FAudioDevice initialized.
[2018.05.12-02.00.26:458][118]LogSlate: FSceneViewport::OnFocusLost() reason 2
[2018.05.12-02.00.26:502][118]LogLoad: Game class is 'SideScrollerGameMode_C'
[2018.05.12-02.00.26:505][118]LogWorld: Bringing World /Game/SideScrollerBP/Maps/UEDPIE_0_SideScrollerExampleMap.SideScrollerExampleMap up for play (max tick rate 0) at 2018.05.11-22.00.26
[2018.05.12-02.00.26:505][118]LogWorld: Bringing up level for play took: 0.001410
[2018.05.12-02.00.26:508][118]LogContentBrowser: Native class hierarchy updated for 'MovieSceneCapture' in 0.0003 seconds. Added 11 classes and 0 folders.
[2018.05.12-02.00.26:509][118]PIE: Play in editor start time for /Game/SideScrollerBP/Maps/UEDPIE_0_SideScrollerExampleMap -0.787
[2018.05.12-02.00.26:509][118]LogBlueprintUserMessages: Late PlayInEditor Detection: Level '/Game/SideScrollerBP/Maps/SideScrollerExampleMap.SideScrollerExampleMap:PersistentLevel' has LevelScriptBlueprint '/Game/SideScrollerBP/Maps/SideScrollerExampleMap.SideScrollerExampleMap:PersistentLevel.SideScrollerExampleMap' with GeneratedClass '/Game/SideScrollerBP/Maps/SideScrollerExampleMap.SideScrollerExampleMap_C' with ClassGeneratedBy '/Game/SideScrollerBP/Maps/SideScrollerExampleMap.SideScrollerExampleMap:PersistentLevel.SideScrollerExampleMap'
[2018.05.12-02.00.32:815][868]PIE: Warning: SideScrollerCharacter_78.CollisionCylinder has to have 'Simulate Physics' enabled if you'd like to AddImpulse. 
[2018.05.12-02.00.34:282][ 44]PIE: Warning: SideScrollerCharacter_78.CollisionCylinder has to have 'Simulate Physics' enabled if you'd like to AddImpulse. 
[2018.05.12-02.00.37:249][400]PIE: Warning: SideScrollerCharacter_78.CollisionCylinder has to have 'Simulate Physics' enabled if you'd like to AddImpulse. 
[2018.05.12-02.00.38:608][563]LogBlueprintUserMessages: Early EndPlayMap Detection: Level '/Game/SideScrollerBP/Maps/SideScrollerExampleMap.SideScrollerExampleMap:PersistentLevel' has LevelScriptBlueprint '/Game/SideScrollerBP/Maps/SideScrollerExampleMap.SideScrollerExampleMap:PersistentLevel.SideScrollerExampleMap' with GeneratedClass '/Game/SideScrollerBP/Maps/SideScrollerExampleMap.SideScrollerExampleMap_C' with ClassGeneratedBy '/Game/SideScrollerBP/Maps/SideScrollerExampleMap.SideScrollerExampleMap:PersistentLevel.SideScrollerExampleMap'
[2018.05.12-02.00.38:640][563]LogBlueprintUserMessages: Late EndPlayMap Detection: Level '/Game/SideScrollerBP/Maps/SideScrollerExampleMap.SideScrollerExampleMap:PersistentLevel' has LevelScriptBlueprint '/Game/SideScrollerBP/Maps/SideScrollerExampleMap.SideScrollerExampleMap:PersistentLevel.SideScrollerExampleMap' with GeneratedClass '/Game/SideScrollerBP/Maps/SideScrollerExampleMap.SideScrollerExampleMap_C' with ClassGeneratedBy '/Game/SideScrollerBP/Maps/SideScrollerExampleMap.SideScrollerExampleMap:PersistentLevel.SideScrollerExampleMap'
[2018.05.12-02.00.40:667][799]LogSlate: FSceneViewport::OnFocusLost() reason 0
